{"C:\\Users\\chaoa\\Downloads\\Assignment8\\backend\\src\\app.js": {"path":"C:\\Users\\chaoa\\Downloads\\Assignment8\\backend\\src\\app.js","statementMap":{"0":{"start":{"line":7,"column":16},"end":{"line":7,"column":34}},"1":{"start":{"line":8,"column":13},"end":{"line":8,"column":28}},"2":{"start":{"line":9,"column":13},"end":{"line":9,"column":31}},"3":{"start":{"line":10,"column":18},"end":{"line":10,"column":47}},"4":{"start":{"line":11,"column":11},"end":{"line":11,"column":24}},"5":{"start":{"line":12,"column":13},"end":{"line":12,"column":28}},"6":{"start":{"line":13,"column":25},"end":{"line":13,"column":61}},"7":{"start":{"line":15,"column":13},"end":{"line":15,"column":30}},"8":{"start":{"line":16,"column":13},"end":{"line":16,"column":30}},"9":{"start":{"line":18,"column":12},"end":{"line":18,"column":21}},"10":{"start":{"line":19,"column":0},"end":{"line":19,"column":16}},"11":{"start":{"line":20,"column":0},"end":{"line":20,"column":24}},"12":{"start":{"line":21,"column":0},"end":{"line":21,"column":47}},"13":{"start":{"line":23,"column":16},"end":{"line":23,"column":59}},"14":{"start":{"line":24,"column":15},"end":{"line":24,"column":58}},"15":{"start":{"line":26,"column":0},"end":{"line":30,"column":2}},"16":{"start":{"line":32,"column":0},"end":{"line":38,"column":2}},"17":{"start":{"line":41,"column":0},"end":{"line":41,"column":38}},"18":{"start":{"line":46,"column":0},"end":{"line":46,"column":60}},"19":{"start":{"line":47,"column":0},"end":{"line":47,"column":58}},"20":{"start":{"line":48,"column":0},"end":{"line":48,"column":56}},"21":{"start":{"line":50,"column":0},"end":{"line":57,"column":3}},"22":{"start":{"line":52,"column":2},"end":{"line":56,"column":5}},"23":{"start":{"line":59,"column":0},"end":{"line":59,"column":21}}},"fnMap":{"0":{"name":"(anonymous_0)","decl":{"start":{"line":50,"column":8},"end":{"line":50,"column":9}},"loc":{"start":{"line":50,"column":33},"end":{"line":57,"column":1}},"line":50}},"branchMap":{},"s":{"0":1,"1":1,"2":1,"3":1,"4":1,"5":1,"6":1,"7":1,"8":1,"9":1,"10":1,"11":1,"12":1,"13":1,"14":1,"15":1,"16":1,"17":1,"18":1,"19":1,"20":1,"21":1,"22":3,"23":1},"f":{"0":3},"b":{},"_coverageSchema":"1a1c01bbd47fc00a2c39e90264f33305004495a9","hash":"4ed52ffc820addab6b5dcaf0bd2566cb3d63aa0f"}
,"C:\\Users\\chaoa\\Downloads\\Assignment8\\backend\\src\\auth.js": {"path":"C:\\Users\\chaoa\\Downloads\\Assignment8\\backend\\src\\auth.js","statementMap":{"0":{"start":{"line":12,"column":12},"end":{"line":12,"column":35}},"1":{"start":{"line":13,"column":13},"end":{"line":13,"column":30}},"2":{"start":{"line":15,"column":16},"end":{"line":15,"column":36}},"3":{"start":{"line":17,"column":11},"end":{"line":17,"column":26}},"4":{"start":{"line":19,"column":0},"end":{"line":36,"column":2}},"5":{"start":{"line":21,"column":28},"end":{"line":21,"column":36}},"6":{"start":{"line":22,"column":15},"end":{"line":22,"column":42}},"7":{"start":{"line":24,"column":2},"end":{"line":35,"column":3}},"8":{"start":{"line":26,"column":24},"end":{"line":31,"column":8}},"9":{"start":{"line":32,"column":4},"end":{"line":32,"column":83}},"10":{"start":{"line":34,"column":4},"end":{"line":34,"column":48}},"11":{"start":{"line":38,"column":0},"end":{"line":48,"column":2}},"12":{"start":{"line":39,"column":21},"end":{"line":39,"column":46}},"13":{"start":{"line":40,"column":16},"end":{"line":40,"column":40}},"14":{"start":{"line":41,"column":2},"end":{"line":47,"column":5}},"15":{"start":{"line":42,"column":4},"end":{"line":44,"column":5}},"16":{"start":{"line":43,"column":6},"end":{"line":43,"column":33}},"17":{"start":{"line":45,"column":4},"end":{"line":45,"column":20}},"18":{"start":{"line":46,"column":4},"end":{"line":46,"column":11}}},"fnMap":{"0":{"name":"(anonymous_0)","decl":{"start":{"line":19,"column":16},"end":{"line":19,"column":17}},"loc":{"start":{"line":19,"column":36},"end":{"line":36,"column":1}},"line":19},"1":{"name":"(anonymous_1)","decl":{"start":{"line":38,"column":16},"end":{"line":38,"column":17}},"loc":{"start":{"line":38,"column":36},"end":{"line":48,"column":1}},"line":38},"2":{"name":"(anonymous_2)","decl":{"start":{"line":41,"column":41},"end":{"line":41,"column":42}},"loc":{"start":{"line":41,"column":56},"end":{"line":47,"column":3}},"line":41}},"branchMap":{"0":{"loc":{"start":{"line":24,"column":2},"end":{"line":35,"column":3}},"type":"if","locations":[{"start":{"line":24,"column":2},"end":{"line":35,"column":3}},{"start":{"line":33,"column":9},"end":{"line":35,"column":3}}],"line":24},"1":{"loc":{"start":{"line":24,"column":6},"end":{"line":24,"column":70}},"type":"binary-expr","locations":[{"start":{"line":24,"column":6},"end":{"line":24,"column":10}},{"start":{"line":24,"column":14},"end":{"line":24,"column":70}}],"line":24},"2":{"loc":{"start":{"line":42,"column":4},"end":{"line":44,"column":5}},"type":"if","locations":[{"start":{"line":42,"column":4},"end":{"line":44,"column":5}},{"start":{},"end":{}}],"line":42}},"s":{"0":1,"1":1,"2":1,"3":1,"4":1,"5":7,"6":7,"7":7,"8":5,"9":5,"10":2,"11":1,"12":2,"13":2,"14":2,"15":2,"16":1,"17":1,"18":1},"f":{"0":7,"1":2,"2":2},"b":{"0":[5,2],"1":[7,6],"2":[1,1]},"_coverageSchema":"1a1c01bbd47fc00a2c39e90264f33305004495a9","hash":"de487f677d2dc7940a82382402b1a837feb13509"}
,"C:\\Users\\chaoa\\Downloads\\Assignment8\\backend\\src\\data.js": {"path":"C:\\Users\\chaoa\\Downloads\\Assignment8\\backend\\src\\data.js","statementMap":{"0":{"start":{"line":1,"column":11},"end":{"line":1,"column":26}},"1":{"start":{"line":3,"column":0},"end":{"line":7,"column":2}},"2":{"start":{"line":4,"column":21},"end":{"line":4,"column":59}},"3":{"start":{"line":6,"column":2},"end":{"line":6,"column":35}},"4":{"start":{"line":9,"column":0},"end":{"line":14,"column":2}},"5":{"start":{"line":10,"column":22},"end":{"line":10,"column":35}},"6":{"start":{"line":11,"column":19},"end":{"line":11,"column":52}},"7":{"start":{"line":13,"column":2},"end":{"line":13,"column":33}},"8":{"start":{"line":16,"column":0},"end":{"line":21,"column":2}},"9":{"start":{"line":17,"column":20},"end":{"line":17,"column":33}},"10":{"start":{"line":18,"column":19},"end":{"line":18,"column":50}},"11":{"start":{"line":20,"column":2},"end":{"line":20,"column":33}},"12":{"start":{"line":23,"column":0},"end":{"line":23,"column":66}}},"fnMap":{"0":{"name":"(anonymous_0)","decl":{"start":{"line":3,"column":27},"end":{"line":3,"column":28}},"loc":{"start":{"line":3,"column":47},"end":{"line":7,"column":1}},"line":3},"1":{"name":"(anonymous_1)","decl":{"start":{"line":9,"column":25},"end":{"line":9,"column":26}},"loc":{"start":{"line":9,"column":45},"end":{"line":14,"column":1}},"line":9},"2":{"name":"(anonymous_2)","decl":{"start":{"line":16,"column":25},"end":{"line":16,"column":26}},"loc":{"start":{"line":16,"column":45},"end":{"line":21,"column":1}},"line":16}},"branchMap":{},"s":{"0":1,"1":1,"2":1,"3":1,"4":1,"5":1,"6":1,"7":1,"8":1,"9":1,"10":1,"11":1,"12":1},"f":{"0":1,"1":1,"2":1},"b":{},"_coverageSchema":"1a1c01bbd47fc00a2c39e90264f33305004495a9","hash":"10f53686baac579409bb8b1c570b552ba4b699b9"}
,"C:\\Users\\chaoa\\Downloads\\Assignment8\\backend\\src\\db.js": {"path":"C:\\Users\\chaoa\\Downloads\\Assignment8\\backend\\src\\db.js","statementMap":{"0":{"start":{"line":12,"column":15},"end":{"line":12,"column":28}},"1":{"start":{"line":14,"column":13},"end":{"line":20,"column":2}},"2":{"start":{"line":22,"column":0},"end":{"line":29,"column":2}},"3":{"start":{"line":23,"column":16},"end":{"line":26,"column":3}},"4":{"start":{"line":27,"column":17},"end":{"line":27,"column":40}},"5":{"start":{"line":28,"column":2},"end":{"line":28,"column":49}},"6":{"start":{"line":31,"column":0},"end":{"line":43,"column":1}},"7":{"start":{"line":33,"column":16},"end":{"line":40,"column":3}},"8":{"start":{"line":41,"column":17},"end":{"line":41,"column":40}},"9":{"start":{"line":42,"column":2},"end":{"line":42,"column":14}},"10":{"start":{"line":45,"column":0},"end":{"line":53,"column":1}},"11":{"start":{"line":46,"column":16},"end":{"line":50,"column":3}},"12":{"start":{"line":51,"column":17},"end":{"line":51,"column":40}},"13":{"start":{"line":52,"column":2},"end":{"line":52,"column":14}},"14":{"start":{"line":55,"column":0},"end":{"line":63,"column":1}},"15":{"start":{"line":56,"column":16},"end":{"line":60,"column":3}},"16":{"start":{"line":61,"column":17},"end":{"line":61,"column":40}},"17":{"start":{"line":62,"column":2},"end":{"line":62,"column":14}},"18":{"start":{"line":65,"column":0},"end":{"line":65,"column":66}}},"fnMap":{"0":{"name":"(anonymous_0)","decl":{"start":{"line":22,"column":22},"end":{"line":22,"column":23}},"loc":{"start":{"line":22,"column":42},"end":{"line":29,"column":1}},"line":22},"1":{"name":"(anonymous_1)","decl":{"start":{"line":31,"column":24},"end":{"line":31,"column":25}},"loc":{"start":{"line":31,"column":44},"end":{"line":43,"column":1}},"line":31},"2":{"name":"(anonymous_2)","decl":{"start":{"line":45,"column":22},"end":{"line":45,"column":23}},"loc":{"start":{"line":45,"column":36},"end":{"line":53,"column":1}},"line":45},"3":{"name":"(anonymous_3)","decl":{"start":{"line":55,"column":22},"end":{"line":55,"column":23}},"loc":{"start":{"line":55,"column":36},"end":{"line":63,"column":1}},"line":55}},"branchMap":{"0":{"loc":{"start":{"line":28,"column":9},"end":{"line":28,"column":48}},"type":"cond-expr","locations":[{"start":{"line":28,"column":29},"end":{"line":28,"column":36}},{"start":{"line":28,"column":39},"end":{"line":28,"column":48}}],"line":28}},"s":{"0":1,"1":1,"2":1,"3":7,"4":7,"5":7,"6":1,"7":1,"8":1,"9":1,"10":1,"11":1,"12":1,"13":1,"14":1,"15":1,"16":1,"17":1,"18":1},"f":{"0":7,"1":1,"2":1,"3":1},"b":{"0":[6,1]},"_coverageSchema":"1a1c01bbd47fc00a2c39e90264f33305004495a9","hash":"6d6ae81f5b570622dcb1061b9b925cf9ddfb9fe4"}
,"C:\\Users\\chaoa\\Downloads\\Assignment8\\backend\\src\\__tests__\\db.js": {"path":"C:\\Users\\chaoa\\Downloads\\Assignment8\\backend\\src\\__tests__\\db.js","statementMap":{"0":{"start":{"line":12,"column":11},"end":{"line":12,"column":24}},"1":{"start":{"line":13,"column":15},"end":{"line":13,"column":28}},"2":{"start":{"line":15,"column":0},"end":{"line":15,"column":27}},"3":{"start":{"line":16,"column":0},"end":{"line":16,"column":31}},"4":{"start":{"line":18,"column":13},"end":{"line":24,"column":2}},"5":{"start":{"line":26,"column":12},"end":{"line":32,"column":1}},"6":{"start":{"line":27,"column":18},"end":{"line":27,"column":47}},"7":{"start":{"line":28,"column":21},"end":{"line":28,"column":43}},"8":{"start":{"line":29,"column":2},"end":{"line":31,"column":3}},"9":{"start":{"line":30,"column":4},"end":{"line":30,"column":32}},"10":{"start":{"line":34,"column":0},"end":{"line":38,"column":2}},"11":{"start":{"line":35,"column":2},"end":{"line":35,"column":30}},"12":{"start":{"line":36,"column":2},"end":{"line":36,"column":28}},"13":{"start":{"line":37,"column":2},"end":{"line":37,"column":31}},"14":{"start":{"line":40,"column":0},"end":{"line":44,"column":2}},"15":{"start":{"line":41,"column":2},"end":{"line":43,"column":5}}},"fnMap":{"0":{"name":"(anonymous_0)","decl":{"start":{"line":26,"column":12},"end":{"line":26,"column":13}},"loc":{"start":{"line":26,"column":28},"end":{"line":32,"column":1}},"line":26},"1":{"name":"(anonymous_1)","decl":{"start":{"line":34,"column":16},"end":{"line":34,"column":17}},"loc":{"start":{"line":34,"column":28},"end":{"line":38,"column":1}},"line":34},"2":{"name":"(anonymous_2)","decl":{"start":{"line":40,"column":19},"end":{"line":40,"column":20}},"loc":{"start":{"line":40,"column":25},"end":{"line":44,"column":1}},"line":40},"3":{"name":"(anonymous_3)","decl":{"start":{"line":41,"column":11},"end":{"line":41,"column":12}},"loc":{"start":{"line":41,"column":17},"end":{"line":43,"column":3}},"line":41}},"branchMap":{},"s":{"0":1,"1":1,"2":1,"3":1,"4":1,"5":1,"6":3,"7":3,"8":3,"9":176,"10":1,"11":1,"12":1,"13":1,"14":1,"15":1},"f":{"0":3,"1":1,"2":1,"3":1},"b":{},"_coverageSchema":"1a1c01bbd47fc00a2c39e90264f33305004495a9","hash":"d9fd7f4cbc128fa556e65a75f8ddc25b8d409426"}
}
