TN:
SF:src\app.js
FN:50,(anonymous_0)
FNF:1
FNH:1
FNDA:3,(anonymous_0)
DA:7,1
DA:8,1
DA:9,1
DA:10,1
DA:11,1
DA:12,1
DA:13,1
DA:15,1
DA:16,1
DA:18,1
DA:19,1
DA:20,1
DA:21,1
DA:23,1
DA:24,1
DA:26,1
DA:32,1
DA:41,1
DA:46,1
DA:47,1
DA:48,1
DA:50,1
DA:52,3
DA:59,1
LF:24
LH:24
BRF:0
BRH:0
end_of_record
TN:
SF:src\auth.js
FN:19,(anonymous_0)
FN:38,(anonymous_1)
FN:41,(anonymous_2)
FNF:3
FNH:3
FNDA:7,(anonymous_0)
FNDA:2,(anonymous_1)
FNDA:2,(anonymous_2)
DA:12,1
DA:13,1
DA:15,1
DA:17,1
DA:19,1
DA:21,7
DA:22,7
DA:24,7
DA:26,5
DA:32,5
DA:34,2
DA:38,1
DA:39,2
DA:40,2
DA:41,2
DA:42,2
DA:43,1
DA:45,1
DA:46,1
LF:19
LH:19
BRDA:24,0,0,5
BRDA:24,0,1,2
BRDA:24,1,0,7
BRDA:24,1,1,6
BRDA:42,2,0,1
BRDA:42,2,1,1
BRF:6
BRH:6
end_of_record
TN:
SF:src\data.js
FN:3,(anonymous_0)
FN:9,(anonymous_1)
FN:16,(anonymous_2)
FNF:3
FNH:3
FNDA:1,(anonymous_0)
FNDA:1,(anonymous_1)
FNDA:1,(anonymous_2)
DA:1,1
DA:3,1
DA:4,1
DA:6,1
DA:9,1
DA:10,1
DA:11,1
DA:13,1
DA:16,1
DA:17,1
DA:18,1
DA:20,1
DA:23,1
LF:13
LH:13
BRF:0
BRH:0
end_of_record
TN:
SF:src\db.js
FN:22,(anonymous_0)
FN:31,(anonymous_1)
FN:45,(anonymous_2)
FN:55,(anonymous_3)
FNF:4
FNH:4
FNDA:7,(anonymous_0)
FNDA:1,(anonymous_1)
FNDA:1,(anonymous_2)
FNDA:1,(anonymous_3)
DA:12,1
DA:14,1
DA:22,1
DA:23,7
DA:27,7
DA:28,7
DA:31,1
DA:33,1
DA:41,1
DA:42,1
DA:45,1
DA:46,1
DA:51,1
DA:52,1
DA:55,1
DA:56,1
DA:61,1
DA:62,1
DA:65,1
LF:19
LH:19
BRDA:28,0,0,6
BRDA:28,0,1,1
BRF:2
BRH:2
end_of_record
TN:
SF:src\__tests__\db.js
FN:26,(anonymous_0)
FN:34,(anonymous_1)
FN:40,(anonymous_2)
FN:41,(anonymous_3)
FNF:4
FNH:4
FNDA:3,(anonymous_0)
FNDA:1,(anonymous_1)
FNDA:1,(anonymous_2)
FNDA:1,(anonymous_3)
DA:12,1
DA:13,1
DA:15,1
DA:16,1
DA:18,1
DA:26,1
DA:27,3
DA:28,3
DA:29,3
DA:30,176
DA:34,1
DA:35,1
DA:36,1
DA:37,1
DA:40,1
DA:41,1
LF:16
LH:16
BRF:0
BRH:0
end_of_record
